{"name":"assignmentHonest","hostname":"Adityas-MacBook-Pro-2.local","pid":64279,"level":30,"msg":"assignmentHonest listening at http://[::]:8080","time":"2019-07-13T11:33:46.575Z","v":0}
{"name":"assignmentHonest","hostname":"Adityas-MacBook-Pro-2.local","pid":64279,"level":10,"msg":"GET / 404 19 ms","time":"2019-07-13T11:34:07.901Z","v":0}
{"name":"assignmentHonest","hostname":"Adityas-MacBook-Pro-2.local","pid":64279,"level":10,"msg":"GET /favicon.ico 404 1 ms","time":"2019-07-13T11:34:08.299Z","v":0}
{"name":"assignmentHonest","hostname":"Adityas-MacBook-Pro-2.local","pid":64291,"level":30,"msg":"assignmentHonest listening at http://[::]:8080","time":"2019-07-13T11:34:31.631Z","v":0}
{"name":"assignmentHonest","hostname":"Adityas-MacBook-Pro-2.local","pid":64291,"level":10,"msg":"GET / 404 7 ms","time":"2019-07-13T11:34:35.207Z","v":0}
{"name":"assignmentHonest","hostname":"Adityas-MacBook-Pro-2.local","pid":64301,"level":30,"msg":"assignmentHonest listening at http://[::]:8080","time":"2019-07-13T11:35:42.421Z","v":0}
{"name":"assignmentHonest","hostname":"Adityas-MacBook-Pro-2.local","pid":64312,"level":30,"msg":"assignmentHonest listening at http://[::]:8080","time":"2019-07-13T11:36:47.944Z","v":0}
{"name":"assignmentHonest","hostname":"Adityas-MacBook-Pro-2.local","pid":64320,"level":30,"msg":"assignmentHonest listening at http://[::]:8080","time":"2019-07-13T11:38:04.339Z","v":0}
{"name":"assignmentHonest","hostname":"Adityas-MacBook-Pro-2.local","pid":64320,"level":10,"msg":"GET /api 200 47 ms","time":"2019-07-13T11:38:07.917Z","v":0}
{"name":"assignmentHonest","hostname":"Adityas-MacBook-Pro-2.local","pid":64324,"level":30,"msg":"assignmentHonest listening at http://[::]:8080","time":"2019-07-13T11:38:36.425Z","v":0}
{"name":"assignmentHonest","hostname":"Adityas-MacBook-Pro-2.local","pid":64324,"level":10,"msg":"GET /api 200 45 ms","time":"2019-07-13T11:38:39.309Z","v":0}
{"name":"assignmentHonest","hostname":"Adityas-MacBook-Pro-2.local","pid":64327,"level":30,"msg":"assignmentHonest listening at http://[::]:8080","time":"2019-07-13T11:39:13.920Z","v":0}
{"name":"assignmentHonest","hostname":"Adityas-MacBook-Pro-2.local","pid":64327,"level":10,"msg":"GET /api 200 51 ms","time":"2019-07-13T11:39:17.371Z","v":0}
{"name":"assignmentHonest","hostname":"Adityas-MacBook-Pro-2.local","pid":64459,"level":30,"msg":"assignmentHonest listening at http://[::]:8080","time":"2019-07-13T12:20:45.865Z","v":0}
{"name":"assignmentHonest","hostname":"Adityas-MacBook-Pro-2.local","pid":64470,"level":30,"msg":"assignmentHonest listening at http://[::]:8080","time":"2019-07-13T12:21:13.366Z","v":0}
{"name":"assignmentHonest","hostname":"Adityas-MacBook-Pro-2.local","pid":64478,"level":30,"msg":"assignmentHonest listening at http://[::]:8080","time":"2019-07-13T12:23:19.307Z","v":0}
{"name":"assignmentHonest","hostname":"Adityas-MacBook-Pro-2.local","pid":64483,"level":30,"msg":"assignmentHonest listening at http://[::]:8080","time":"2019-07-13T12:25:36.751Z","v":0}
{"name":"assignmentHonest","hostname":"Adityas-MacBook-Pro-2.local","pid":64499,"level":30,"msg":"assignmentHonest listening at http://[::]:8080","time":"2019-07-13T12:28:47.789Z","v":0}
{"name":"assignmentHonest","hostname":"Adityas-MacBook-Pro-2.local","pid":64505,"level":30,"msg":"assignmentHonest listening at http://[::]:8080","time":"2019-07-13T12:30:35.694Z","v":0}
{"name":"assignmentHonest","hostname":"Adityas-MacBook-Pro-2.local","pid":64513,"level":30,"msg":"assignmentHonest listening at http://[::]:8080","time":"2019-07-13T12:31:25.734Z","v":0}
{"name":"assignmentHonest","hostname":"Adityas-MacBook-Pro-2.local","pid":64525,"level":30,"msg":"assignmentHonest listening at http://[::]:8080","time":"2019-07-13T12:33:51.577Z","v":0}
{"name":"assignmentHonest","hostname":"Adityas-MacBook-Pro-2.local","pid":64529,"level":30,"msg":"assignmentHonest listening at http://[::]:8080","time":"2019-07-13T12:34:32.865Z","v":0}
{"name":"assignmentHonest","hostname":"Adityas-MacBook-Pro-2.local","pid":64534,"level":30,"msg":"assignmentHonest listening at http://[::]:8080","time":"2019-07-13T12:35:27.298Z","v":0}
{"name":"assignmentHonest","hostname":"Adityas-MacBook-Pro-2.local","pid":64541,"level":30,"msg":"assignmentHonest listening at http://[::]:8080","time":"2019-07-13T12:36:16.324Z","v":0}
{"name":"assignmentHonest","hostname":"Adityas-MacBook-Pro-2.local","pid":64574,"level":30,"msg":"assignmentHonest listening at http://[::]:8080","time":"2019-07-13T12:39:48.465Z","v":0}
{"name":"assignmentHonest","hostname":"Adityas-MacBook-Pro-2.local","pid":64582,"level":30,"msg":"assignmentHonest listening at http://[::]:8080","time":"2019-07-13T12:40:31.966Z","v":0}
{"name":"assignmentHonest","hostname":"Adityas-MacBook-Pro-2.local","pid":64593,"level":30,"msg":"assignmentHonest listening at http://[::]:8080","time":"2019-07-13T12:42:58.089Z","v":0}
{"name":"assignmentHonest","hostname":"Adityas-MacBook-Pro-2.local","pid":64593,"level":10,"msg":"GET /api 200 55 ms","time":"2019-07-13T12:43:04.469Z","v":0}
{"name":"assignmentHonest","hostname":"Adityas-MacBook-Pro-2.local","pid":64598,"level":30,"msg":"assignmentHonest listening at http://[::]:8080","time":"2019-07-13T12:43:41.376Z","v":0}
{"name":"assignmentHonest","hostname":"Adityas-MacBook-Pro-2.local","pid":64598,"level":10,"msg":"GET /api 200 50 ms","time":"2019-07-13T12:43:45.935Z","v":0}
{"name":"assignmentHonest","hostname":"Adityas-MacBook-Pro-2.local","pid":64602,"level":30,"msg":"assignmentHonest listening at http://[::]:8080","time":"2019-07-13T12:44:29.365Z","v":0}
{"name":"assignmentHonest","hostname":"Adityas-MacBook-Pro-2.local","pid":64602,"level":10,"msg":"GET /api 200 49 ms","time":"2019-07-13T12:44:31.683Z","v":0}
{"name":"assignmentHonest","hostname":"Adityas-MacBook-Pro-2.local","pid":64605,"level":30,"msg":"assignmentHonest listening at http://[::]:8080","time":"2019-07-13T12:44:43.259Z","v":0}
{"name":"assignmentHonest","hostname":"Adityas-MacBook-Pro-2.local","pid":64605,"level":10,"msg":"GET /api 200 56 ms","time":"2019-07-13T12:44:43.859Z","v":0}
{"name":"assignmentHonest","hostname":"Adityas-MacBook-Pro-2.local","pid":64644,"level":30,"msg":"assignmentHonest listening at http://[::]:8080","time":"2019-07-13T12:59:06.602Z","v":0}
{"name":"assignmentHonest","hostname":"Adityas-MacBook-Pro-2.local","pid":64652,"level":30,"msg":"assignmentHonest listening at http://[::]:8080","time":"2019-07-13T13:00:15.570Z","v":0}
{"name":"assignmentHonest","hostname":"Adityas-MacBook-Pro-2.local","pid":64652,"level":10,"msg":"GET /api 200 56 ms","time":"2019-07-13T13:00:18.374Z","v":0}
{"name":"assignmentHonest","hostname":"Adityas-MacBook-Pro-2.local","pid":64667,"level":30,"msg":"assignmentHonest listening at http://[::]:8080","time":"2019-07-13T13:08:01.803Z","v":0}
{"name":"assignmentHonest","hostname":"Adityas-MacBook-Pro-2.local","pid":64684,"level":30,"msg":"assignmentHonest listening at http://[::]:8080","time":"2019-07-13T13:10:18.232Z","v":0}
{"name":"assignmentHonest","hostname":"Adityas-MacBook-Pro-2.local","pid":64690,"level":30,"msg":"assignmentHonest listening at http://[::]:8080","time":"2019-07-13T13:15:13.548Z","v":0}
{"name":"assignmentHonest","hostname":"Adityas-MacBook-Pro-2.local","pid":64694,"level":30,"msg":"assignmentHonest listening at http://[::]:8080","time":"2019-07-13T13:17:06.817Z","v":0}
{"name":"assignmentHonest","hostname":"Adityas-MacBook-Pro-2.local","pid":64712,"level":30,"msg":"assignmentHonest listening at http://[::]:8080","time":"2019-07-13T13:21:02.203Z","v":0}
{"name":"assignmentHonest","hostname":"Adityas-MacBook-Pro-2.local","pid":64712,"level":10,"msg":"GET /api 200 47 ms","time":"2019-07-13T13:21:07.213Z","v":0}
{"name":"assignmentHonest","hostname":"Adityas-MacBook-Pro-2.local","pid":64712,"level":10,"msg":"GET /api/find_outlet 405 3 ms","time":"2019-07-13T13:21:51.844Z","v":0}
{"name":"assignmentHonest","hostname":"Adityas-MacBook-Pro-2.local","pid":64717,"level":30,"msg":"assignmentHonest listening at http://[::]:8080","time":"2019-07-13T13:23:03.209Z","v":0}
{"name":"assignmentHonest","hostname":"Adityas-MacBook-Pro-2.local","pid":64719,"level":30,"msg":"assignmentHonest listening at http://[::]:8080","time":"2019-07-13T13:23:11.348Z","v":0}
{"name":"assignmentHonest","hostname":"Adityas-MacBook-Pro-2.local","pid":64721,"level":30,"msg":"assignmentHonest listening at http://[::]:8080","time":"2019-07-13T13:23:36.524Z","v":0}
{"name":"assignmentHonest","hostname":"Adityas-MacBook-Pro-2.local","pid":64731,"level":30,"msg":"assignmentHonest listening at http://[::]:8080","time":"2019-07-13T13:25:28.441Z","v":0}
{"name":"assignmentHonest","hostname":"Adityas-MacBook-Pro-2.local","pid":64736,"level":30,"msg":"assignmentHonest listening at http://[::]:8080","time":"2019-07-13T13:25:59.676Z","v":0}
{"name":"assignmentHonest","hostname":"Adityas-MacBook-Pro-2.local","pid":64736,"level":10,"msg":"POST /api/find_outlet 200 26 ms","time":"2019-07-13T13:26:02.066Z","v":0}
{"name":"assignmentHonest","hostname":"Adityas-MacBook-Pro-2.local","pid":64736,"level":10,"msg":"GET /api 200 28 ms","time":"2019-07-13T13:26:32.070Z","v":0}
{"name":"assignmentHonest","hostname":"Adityas-MacBook-Pro-2.local","pid":64736,"level":10,"msg":"POST /api/find_outlet 200 9 ms","time":"2019-07-13T13:26:35.707Z","v":0}
{"name":"assignmentHonest","hostname":"Adityas-MacBook-Pro-2.local","pid":64739,"level":30,"msg":"assignmentHonest listening at http://[::]:8080","time":"2019-07-13T13:27:37.494Z","v":0}
{"name":"assignmentHonest","hostname":"Adityas-MacBook-Pro-2.local","pid":64739,"level":10,"msg":"POST /api/find_outlet 200 30 ms","time":"2019-07-13T13:27:39.912Z","v":0}
{"name":"assignmentHonest","hostname":"Adityas-MacBook-Pro-2.local","pid":64743,"level":30,"msg":"assignmentHonest listening at http://[::]:8080","time":"2019-07-13T13:28:02.164Z","v":0}
{"name":"assignmentHonest","hostname":"Adityas-MacBook-Pro-2.local","pid":64743,"level":10,"msg":"POST /api/find_outlet 200 35 ms","time":"2019-07-13T13:28:04.146Z","v":0}
{"name":"assignmentHonest","hostname":"Adityas-MacBook-Pro-2.local","pid":64745,"level":30,"msg":"assignmentHonest listening at http://[::]:8080","time":"2019-07-13T13:28:29.417Z","v":0}
{"name":"assignmentHonest","hostname":"Adityas-MacBook-Pro-2.local","pid":64749,"level":30,"msg":"assignmentHonest listening at http://[::]:8080","time":"2019-07-13T13:28:44.443Z","v":0}
{"name":"assignmentHonest","hostname":"Adityas-MacBook-Pro-2.local","pid":64749,"level":10,"msg":"POST /api/find_outlet 200 25 ms","time":"2019-07-13T13:28:49.247Z","v":0}
{"name":"assignmentHonest","hostname":"Adityas-MacBook-Pro-2.local","pid":64753,"level":30,"msg":"assignmentHonest listening at http://[::]:8080","time":"2019-07-13T13:29:36.463Z","v":0}
{"name":"assignmentHonest","hostname":"Adityas-MacBook-Pro-2.local","pid":64753,"level":10,"msg":"GET /api 200 47 ms","time":"2019-07-13T13:29:43.469Z","v":0}
{"name":"assignmentHonest","hostname":"Adityas-MacBook-Pro-2.local","pid":64753,"level":10,"msg":"POST /api/find_outlet 200 18 ms","time":"2019-07-13T13:29:48.546Z","v":0}
{"name":"assignmentHonest","hostname":"Adityas-MacBook-Pro-2.local","pid":64763,"level":30,"msg":"assignmentHonest listening at http://[::]:8080","time":"2019-07-13T13:31:45.927Z","v":0}
{"name":"assignmentHonest","hostname":"Adityas-MacBook-Pro-2.local","pid":64763,"level":10,"msg":"GET /api 200 41 ms","time":"2019-07-13T13:31:54.046Z","v":0}
{"name":"assignmentHonest","hostname":"Adityas-MacBook-Pro-2.local","pid":64830,"level":30,"msg":"assignmentHonest listening at http://[::]:8080","time":"2019-07-13T13:33:35.703Z","v":0}
{"name":"assignmentHonest","hostname":"Adityas-MacBook-Pro-2.local","pid":64830,"level":10,"msg":"POST /api/find_outlet 200 37 ms","time":"2019-07-13T13:33:38.656Z","v":0}
{"name":"assignmentHonest","hostname":"Adityas-MacBook-Pro-2.local","pid":64830,"level":10,"msg":"GET /api 200 33 ms","time":"2019-07-13T13:33:44.562Z","v":0}
{"name":"assignmentHonest","hostname":"Adityas-MacBook-Pro-2.local","pid":64830,"level":10,"msg":"POST /api/find_outlet 200 4 ms","time":"2019-07-13T13:33:48.969Z","v":0}
{"name":"assignmentHonest","hostname":"Adityas-MacBook-Pro-2.local","pid":64838,"level":30,"msg":"assignmentHonest listening at http://[::]:8080","time":"2019-07-13T13:34:35.241Z","v":0}
{"name":"assignmentHonest","hostname":"Adityas-MacBook-Pro-2.local","pid":64838,"level":10,"msg":"GET /api 200 47 ms","time":"2019-07-13T13:34:39.568Z","v":0}
{"name":"assignmentHonest","hostname":"Adityas-MacBook-Pro-2.local","pid":64845,"level":30,"msg":"assignmentHonest listening at http://[::]:8080","time":"2019-07-13T13:35:04.839Z","v":0}
{"name":"assignmentHonest","hostname":"Adityas-MacBook-Pro-2.local","pid":64845,"level":10,"msg":"GET /api 200 42 ms","time":"2019-07-13T13:35:09.716Z","v":0}
{"name":"assignmentHonest","hostname":"Adityas-MacBook-Pro-2.local","pid":64845,"level":10,"msg":"POST /api/find_outlet 200 11 ms","time":"2019-07-13T13:35:13.938Z","v":0}
{"name":"assignmentHonest","hostname":"Adityas-MacBook-Pro-2.local","pid":64845,"level":10,"msg":"POST /api/find_outlet 200 4 ms","time":"2019-07-13T13:35:56.407Z","v":0}
{"name":"assignmentHonest","hostname":"Adityas-MacBook-Pro-2.local","pid":64885,"level":30,"msg":"assignmentHonest listening at http://[::]:8080","time":"2019-07-13T13:42:54.014Z","v":0}
{"name":"assignmentHonest","hostname":"Adityas-MacBook-Pro-2.local","pid":64885,"level":10,"msg":"GET /api 200 48 ms","time":"2019-07-13T13:43:01.359Z","v":0}
{"name":"assignmentHonest","hostname":"Adityas-MacBook-Pro-2.local","pid":64885,"level":10,"msg":"POST /api/find_outlet 200 10 ms","time":"2019-07-13T13:43:04.029Z","v":0}
